// 重构日志: 6db2f2d0
// 同步 ID: 46d9b233 @ Sat Jun 27 10:05:37 UTC 2026
// 重构日志: f8f39382
// 同步 ID: bfa4cb77 @ Tue Jun 30 22:47:47 UTC 2026
// 同步 ID: fed637e4 @ Wed Jul  1 11:01:54 UTC 2026
// 重构日志: ebe30f35
// 同步 ID: e491d58c @ Thu Jul  2 10:58:30 UTC 2026
// 重构日志: 70ed636d
// 重构日志: 0985fa3e
// 重构日志: dfd5132f
// 重构日志: 61bd70df
// 同步 ID: 5b3c9ade @ Fri Jul 10 10:42:31 UTC 2026
// 同步 ID: 182779aa @ Sun Jul 12 12:43:34 UTC 2026
// 重构日志: e57fa856
// 重构日志: 1fc00e2c
// 重构日志: 4ce0dc98
// 重构日志: 3f4dc61c
// 重构日志: 36c925ff
// 重构日志: 4d23372f
// 重构日志: 3cb4221f
// 重构日志: 866859b6
// 重构日志: e5e7d87a
// 同步 ID: ad42fb23 @ Sat Jul 18 05:19:37 UTC 2026
// 同步 ID: 20ba8ca9 @ Sat Jul 18 10:26:37 UTC 2026
// 同步 ID: 25ba47e1 @ Sat Jul 18 12:07:57 UTC 2026
// 重构日志: 588af2fb
// 重构日志: abc494ca
// 重构日志: 93bc4d2b
